2023/01/07 20:52:38.346554 Plugin para comunicación con impresoras térmicas 
Proudly brought to you by Parzibyte

Finalmente llegamos a la versión 3! espero que esta sea la última, por favor
Nota: ya existe la versión para Android: https://parzibyte.me/blog/2022/11/01/plugin-gratuito-impresoras-termicas-bluetooth-android/
No olvides leer mi blog si hay más actualizaciones o cosas interesantes:
==========================================
	https://parzibyte.me/blog
========================================== 
2023/01/07 20:52:38.347559 Escuchando en el puerto :8000.
2023/01/08 06:18:05.150286 Plugin para comunicación con impresoras térmicas 
Proudly brought to you by Parzibyte

Finalmente llegamos a la versión 3! espero que esta sea la última, por favor
Nota: ya existe la versión para Android: https://parzibyte.me/blog/2022/11/01/plugin-gratuito-impresoras-termicas-bluetooth-android/
No olvides leer mi blog si hay más actualizaciones o cosas interesantes:
==========================================
	https://parzibyte.me/blog
========================================== 
2023/01/08 06:18:05.150852 Escuchando en el puerto :8000.
2023/01/09 08:45:36.640679 Plugin para comunicación con impresoras térmicas 
Proudly brought to you by Parzibyte

Finalmente llegamos a la versión 3! espero que esta sea la última, por favor
Nota: ya existe la versión para Android: https://parzibyte.me/blog/2022/11/01/plugin-gratuito-impresoras-termicas-bluetooth-android/
No olvides leer mi blog si hay más actualizaciones o cosas interesantes:
==========================================
	https://parzibyte.me/blog
========================================== 
2023/01/09 08:45:36.649891 Escuchando en el puerto :8000.
2023/01/09 09:20:14.599992 Plugin para comunicación con impresoras térmicas 
Proudly brought to you by Parzibyte

Finalmente llegamos a la versión 3! espero que esta sea la última, por favor
Nota: ya existe la versión para Android: https://parzibyte.me/blog/2022/11/01/plugin-gratuito-impresoras-termicas-bluetooth-android/
No olvides leer mi blog si hay más actualizaciones o cosas interesantes:
==========================================
	https://parzibyte.me/blog
========================================== 
2023/01/09 09:20:14.600121 Escuchando en el puerto :8000.
2023/01/12 17:53:41.592518 Plugin para comunicación con impresoras térmicas 
Proudly brought to you by Parzibyte

Finalmente llegamos a la versión 3! espero que esta sea la última, por favor
Nota: ya existe la versión para Android: https://parzibyte.me/blog/2022/11/01/plugin-gratuito-impresoras-termicas-bluetooth-android/
No olvides leer mi blog si hay más actualizaciones o cosas interesantes:
==========================================
	https://parzibyte.me/blog
========================================== 
2023/01/12 17:53:41.667894 Escuchando en el puerto :8000.
2023/01/14 08:39:30.973873 Plugin para comunicación con impresoras térmicas 
Proudly brought to you by Parzibyte

Finalmente llegamos a la versión 3! espero que esta sea la última, por favor
Nota: ya existe la versión para Android: https://parzibyte.me/blog/2022/11/01/plugin-gratuito-impresoras-termicas-bluetooth-android/
No olvides leer mi blog si hay más actualizaciones o cosas interesantes:
==========================================
	https://parzibyte.me/blog
========================================== 
2023/01/14 08:39:31.005826 Escuchando en el puerto :8000.
2023/01/15 17:53:56.058828 Plugin para comunicación con impresoras térmicas 
Proudly brought to you by Parzibyte

Finalmente llegamos a la versión 3! espero que esta sea la última, por favor
Nota: ya existe la versión para Android: https://parzibyte.me/blog/2022/11/01/plugin-gratuito-impresoras-termicas-bluetooth-android/
No olvides leer mi blog si hay más actualizaciones o cosas interesantes:
==========================================
	https://parzibyte.me/blog
========================================== 
2023/01/15 17:53:56.101641 Escuchando en el puerto :8000.
2023/01/16 07:19:06.862113 Plugin para comunicación con impresoras térmicas 
Proudly brought to you by Parzibyte

Finalmente llegamos a la versión 3! espero que esta sea la última, por favor
Nota: ya existe la versión para Android: https://parzibyte.me/blog/2022/11/01/plugin-gratuito-impresoras-termicas-bluetooth-android/
No olvides leer mi blog si hay más actualizaciones o cosas interesantes:
==========================================
	https://parzibyte.me/blog
========================================== 
2023/01/16 07:19:06.890362 Escuchando en el puerto :8000.
2023/01/17 06:39:27.845146 Plugin para comunicación con impresoras térmicas 
Proudly brought to you by Parzibyte

Finalmente llegamos a la versión 3! espero que esta sea la última, por favor
Nota: ya existe la versión para Android: https://parzibyte.me/blog/2022/11/01/plugin-gratuito-impresoras-termicas-bluetooth-android/
No olvides leer mi blog si hay más actualizaciones o cosas interesantes:
==========================================
	https://parzibyte.me/blog
========================================== 
2023/01/17 06:39:27.865653 Escuchando en el puerto :8000.
2023/01/18 08:24:36.263238 Plugin para comunicación con impresoras térmicas 
Proudly brought to you by Parzibyte

Finalmente llegamos a la versión 3! espero que esta sea la última, por favor
Nota: ya existe la versión para Android: https://parzibyte.me/blog/2022/11/01/plugin-gratuito-impresoras-termicas-bluetooth-android/
No olvides leer mi blog si hay más actualizaciones o cosas interesantes:
==========================================
	https://parzibyte.me/blog
========================================== 
2023/01/18 08:24:36.651164 Escuchando en el puerto :8000.
2023/01/19 06:26:04.453695 Plugin para comunicación con impresoras térmicas 
Proudly brought to you by Parzibyte

Finalmente llegamos a la versión 3! espero que esta sea la última, por favor
Nota: ya existe la versión para Android: https://parzibyte.me/blog/2022/11/01/plugin-gratuito-impresoras-termicas-bluetooth-android/
No olvides leer mi blog si hay más actualizaciones o cosas interesantes:
==========================================
	https://parzibyte.me/blog
========================================== 
2023/01/19 06:26:04.665997 Escuchando en el puerto :8000.
2023/01/20 08:59:58.330369 Plugin para comunicación con impresoras térmicas 
Proudly brought to you by Parzibyte

Finalmente llegamos a la versión 3! espero que esta sea la última, por favor
Nota: ya existe la versión para Android: https://parzibyte.me/blog/2022/11/01/plugin-gratuito-impresoras-termicas-bluetooth-android/
No olvides leer mi blog si hay más actualizaciones o cosas interesantes:
==========================================
	https://parzibyte.me/blog
========================================== 
2023/01/20 08:59:58.360444 Escuchando en el puerto :8000.
2023/01/21 10:02:45.963384 Plugin para comunicación con impresoras térmicas 
Proudly brought to you by Parzibyte

Finalmente llegamos a la versión 3! espero que esta sea la última, por favor
Nota: ya existe la versión para Android: https://parzibyte.me/blog/2022/11/01/plugin-gratuito-impresoras-termicas-bluetooth-android/
No olvides leer mi blog si hay más actualizaciones o cosas interesantes:
==========================================
	https://parzibyte.me/blog
========================================== 
2023/01/21 10:02:46.007694 Escuchando en el puerto :8000.
2023/01/23 13:05:48.063858 Plugin para comunicación con impresoras térmicas 
Proudly brought to you by Parzibyte

Finalmente llegamos a la versión 3! espero que esta sea la última, por favor
Nota: ya existe la versión para Android: https://parzibyte.me/blog/2022/11/01/plugin-gratuito-impresoras-termicas-bluetooth-android/
No olvides leer mi blog si hay más actualizaciones o cosas interesantes:
==========================================
	https://parzibyte.me/blog
========================================== 
2023/01/23 13:05:48.328953 Escuchando en el puerto :8000.
2023/01/24 06:49:48.652197 Plugin para comunicación con impresoras térmicas 
Proudly brought to you by Parzibyte

Finalmente llegamos a la versión 3! espero que esta sea la última, por favor
Nota: ya existe la versión para Android: https://parzibyte.me/blog/2022/11/01/plugin-gratuito-impresoras-termicas-bluetooth-android/
No olvides leer mi blog si hay más actualizaciones o cosas interesantes:
==========================================
	https://parzibyte.me/blog
========================================== 
2023/01/24 06:49:48.976665 Escuchando en el puerto :8000.
2023/01/25 06:44:54.323107 Plugin para comunicación con impresoras térmicas 
Proudly brought to you by Parzibyte

Finalmente llegamos a la versión 3! espero que esta sea la última, por favor
Nota: ya existe la versión para Android: https://parzibyte.me/blog/2022/11/01/plugin-gratuito-impresoras-termicas-bluetooth-android/
No olvides leer mi blog si hay más actualizaciones o cosas interesantes:
==========================================
	https://parzibyte.me/blog
========================================== 
2023/01/25 06:44:54.351898 Escuchando en el puerto :8000.
2023/01/26 06:11:18.297413 Plugin para comunicación con impresoras térmicas 
Proudly brought to you by Parzibyte

Finalmente llegamos a la versión 3! espero que esta sea la última, por favor
Nota: ya existe la versión para Android: https://parzibyte.me/blog/2022/11/01/plugin-gratuito-impresoras-termicas-bluetooth-android/
No olvides leer mi blog si hay más actualizaciones o cosas interesantes:
==========================================
	https://parzibyte.me/blog
========================================== 
2023/01/26 06:11:18.341158 Escuchando en el puerto :8000.
2023/01/27 07:17:51.742058 Plugin para comunicación con impresoras térmicas 
Proudly brought to you by Parzibyte

Finalmente llegamos a la versión 3! espero que esta sea la última, por favor
Nota: ya existe la versión para Android: https://parzibyte.me/blog/2022/11/01/plugin-gratuito-impresoras-termicas-bluetooth-android/
No olvides leer mi blog si hay más actualizaciones o cosas interesantes:
==========================================
	https://parzibyte.me/blog
========================================== 
2023/01/27 07:17:51.762618 Escuchando en el puerto :8000.
2023/01/28 06:55:07.242572 Plugin para comunicación con impresoras térmicas 
Proudly brought to you by Parzibyte

Finalmente llegamos a la versión 3! espero que esta sea la última, por favor
Nota: ya existe la versión para Android: https://parzibyte.me/blog/2022/11/01/plugin-gratuito-impresoras-termicas-bluetooth-android/
No olvides leer mi blog si hay más actualizaciones o cosas interesantes:
==========================================
	https://parzibyte.me/blog
========================================== 
2023/01/28 06:55:07.254562 Escuchando en el puerto :8000.
2023/01/29 07:44:53.053750 Plugin para comunicación con impresoras térmicas 
Proudly brought to you by Parzibyte

Finalmente llegamos a la versión 3! espero que esta sea la última, por favor
Nota: ya existe la versión para Android: https://parzibyte.me/blog/2022/11/01/plugin-gratuito-impresoras-termicas-bluetooth-android/
No olvides leer mi blog si hay más actualizaciones o cosas interesantes:
==========================================
	https://parzibyte.me/blog
========================================== 
2023/01/29 07:44:53.116449 Escuchando en el puerto :8000.
2023/01/29 09:39:45.742094 Plugin para comunicación con impresoras térmicas 
Proudly brought to you by Parzibyte

Finalmente llegamos a la versión 3! espero que esta sea la última, por favor
Nota: ya existe la versión para Android: https://parzibyte.me/blog/2022/11/01/plugin-gratuito-impresoras-termicas-bluetooth-android/
No olvides leer mi blog si hay más actualizaciones o cosas interesantes:
==========================================
	https://parzibyte.me/blog
========================================== 
2023/01/29 09:39:45.779922 Escuchando en el puerto :8000.
2023/01/29 10:01:05.708827 Plugin para comunicación con impresoras térmicas 
Proudly brought to you by Parzibyte

Finalmente llegamos a la versión 3! espero que esta sea la última, por favor
Nota: ya existe la versión para Android: https://parzibyte.me/blog/2022/11/01/plugin-gratuito-impresoras-termicas-bluetooth-android/
No olvides leer mi blog si hay más actualizaciones o cosas interesantes:
==========================================
	https://parzibyte.me/blog
========================================== 
2023/01/29 10:01:05.708827 Escuchando en el puerto :8000.
2023/01/29 10:05:58.045281 Plugin para comunicación con impresoras térmicas 
Proudly brought to you by Parzibyte

Finalmente llegamos a la versión 3! espero que esta sea la última, por favor
Nota: ya existe la versión para Android: https://parzibyte.me/blog/2022/11/01/plugin-gratuito-impresoras-termicas-bluetooth-android/
No olvides leer mi blog si hay más actualizaciones o cosas interesantes:
==========================================
	https://parzibyte.me/blog
========================================== 
2023/01/29 10:05:58.045281 Escuchando en el puerto :8000.
2023/01/30 09:09:11.445505 Plugin para comunicación con impresoras térmicas 
Proudly brought to you by Parzibyte

Finalmente llegamos a la versión 3! espero que esta sea la última, por favor
Nota: ya existe la versión para Android: https://parzibyte.me/blog/2022/11/01/plugin-gratuito-impresoras-termicas-bluetooth-android/
No olvides leer mi blog si hay más actualizaciones o cosas interesantes:
==========================================
	https://parzibyte.me/blog
========================================== 
2023/01/30 09:09:11.500337 Escuchando en el puerto :8000.
